TN:
SF:/Users/swapnilchute/Desktop/Jul-2019/Angualr-Unit-Testing/src/polyfills.ts
FNF:0
FNH:0
LF:0
LH:0
BRF:0
BRH:0
end_of_record
TN:
SF:/Users/swapnilchute/Desktop/Jul-2019/Angualr-Unit-Testing/src/test.ts
FNF:0
FNH:0
DA:13,1
DA:18,1
DA:20,1
LF:3
LH:3
BRF:0
BRH:0
end_of_record
TN:
SF:/Users/swapnilchute/Desktop/Jul-2019/Angualr-Unit-Testing/src/app/app.component.ts
FN:8,(anonymous_0)
FN:3,AppComponent
FN:11,(anonymous_2)
FNF:3
FNH:3
FNDA:1,(anonymous_0)
FNDA:3,AppComponent
FNDA:1,(anonymous_2)
DA:8,1
DA:9,3
DA:11,1
DA:12,1
DA:14,1
LF:5
LH:5
BRF:0
BRH:0
end_of_record
TN:
SF:/Users/swapnilchute/Desktop/Jul-2019/Angualr-Unit-Testing/src/app/course/course.service.ts
FN:7,(anonymous_0)
FN:9,CourseService
FN:11,(anonymous_2)
FNF:3
FNH:3
FNDA:1,(anonymous_0)
FNDA:10,CourseService
FNDA:6,(anonymous_2)
DA:7,1
DA:9,10
DA:11,1
DA:12,6
DA:14,1
LF:5
LH:5
BRF:0
BRH:0
end_of_record
TN:
SF:/Users/swapnilchute/Desktop/Jul-2019/Angualr-Unit-Testing/src/app/course/course-list/course-list.component.ts
FN:9,(anonymous_0)
FN:13,CourseListComponent
FN:15,(anonymous_2)
FN:19,(anonymous_3)
FN:22,(anonymous_4)
FN:25,(anonymous_5)
FN:32,(anonymous_6)
FN:36,(anonymous_7)
FNF:8
FNH:8
FNDA:1,(anonymous_0)
FNDA:8,CourseListComponent
FNDA:5,(anonymous_2)
FNDA:7,(anonymous_3)
FNDA:1,(anonymous_4)
FNDA:1,(anonymous_5)
FNDA:1,(anonymous_6)
FNDA:1,(anonymous_7)
DA:9,1
DA:11,8
DA:13,8
DA:15,1
DA:16,5
DA:19,7
DA:20,7
DA:23,1
DA:26,1
DA:27,1
DA:32,1
DA:33,1
DA:36,1
DA:37,1
DA:40,1
LF:15
LH:15
BRF:0
BRH:0
end_of_record
TN:
SF:/Users/swapnilchute/Desktop/Jul-2019/Angualr-Unit-Testing/src/app/shared/star/star.component.ts
FN:8,(anonymous_0)
FN:12,StarComponent
FN:14,(anonymous_2)
FN:18,(anonymous_3)
FNF:4
FNH:4
FNDA:1,(anonymous_0)
FNDA:2,StarComponent
FNDA:2,(anonymous_2)
FNDA:1,(anonymous_3)
DA:8,1
DA:9,2
DA:10,2
DA:14,1
DA:15,2
DA:18,1
DA:19,1
DA:22,1
LF:8
LH:8
BRF:0
BRH:0
end_of_record
